2025-09-10T01:32:45.37246Z  INFO defay_client::telemetry: Defay logging started | file: C:\develop\CHAT_C-\defay-client\DefayClient\Logs\defay-2025-09-10T01-32-45.3687309Z.log
2025-09-10T01:32:45.3725847Z  INFO defay_client: Defay starting… app_dir=C:\develop\CHAT_C-\defay-client\DefayClient
2025-09-10T01:32:45.3727723Z  WARN dioxus_cli_config: A library is trying to access the crate's configuration, but the dioxus CLI was not used to build the application.
2025-09-10T01:32:45.7355313Z  WARN dioxus_desktop::protocol: Assets built with manganis cannot be preloaded (failed to read "C:\\develop\\CHAT_C-\\defay-client\\__assets_head.html"). This warning may occur when you build a desktop application without the dioxus CLI. If you do not use manganis, you can ignore this warning: Не удается найти указанный файл. (os error 2).
2025-09-10T01:32:45.7994009Z  INFO defay_client::state: state: event pump started
2025-09-10T01:32:45.7994053Z  INFO defay_client::net: net: runner started
2025-09-10T01:32:51.3348856Z  INFO dioxus_core::virtual_dom: Listeners: []
2025-09-10T01:32:51.3349432Z  INFO dioxus_core::virtual_dom: Listeners: []
2025-09-10T01:32:51.3349492Z  INFO dioxus_core::virtual_dom: Listeners: []
2025-09-10T01:32:52.2540685Z  INFO dioxus_core::virtual_dom: Listeners: [Listener(EventHandler { origin: ScopeId(1, "OnboardingScreen"), callback: 0x289398529b8@0 })]
2025-09-10T01:32:52.2542498Z  INFO dioxus_core::virtual_dom: Listeners: []
2025-09-10T01:32:52.2542751Z  INFO dioxus_core::virtual_dom: Listeners: []
2025-09-10T01:32:52.3910049Z  INFO dioxus_core::virtual_dom: Listeners: [Listener(EventHandler { origin: ScopeId(1, "OnboardingScreen"), callback: 0x28939852c58@0 })]
2025-09-10T01:32:52.3911488Z  INFO dioxus_core::virtual_dom: Listeners: []
2025-09-10T01:32:52.3911571Z  INFO dioxus_core::virtual_dom: Listeners: []
2025-09-10T01:32:52.4889377Z  INFO dioxus_core::virtual_dom: Listeners: [Listener(EventHandler { origin: ScopeId(1, "OnboardingScreen"), callback: 0x28939852a78@1 })]
2025-09-10T01:32:52.4890435Z  INFO dioxus_core::virtual_dom: Listeners: []
2025-09-10T01:32:52.4890543Z  INFO dioxus_core::virtual_dom: Listeners: []
2025-09-10T01:32:53.1381166Z  INFO dioxus_core::virtual_dom: Listeners: [Listener(EventHandler { origin: ScopeId(1, "OnboardingScreen"), callback: 0x28939852fb8@1 })]
2025-09-10T01:32:53.138268Z  INFO dioxus_core::virtual_dom: Listeners: []
2025-09-10T01:32:53.1383728Z  INFO dioxus_core::virtual_dom: Listeners: []
2025-09-10T01:32:54.0571556Z  INFO dioxus_core::virtual_dom: Listeners: [Listener(EventHandler { origin: ScopeId(1, "OnboardingScreen"), callback: 0x289398529b8@2 })]
2025-09-10T01:32:54.0572632Z  INFO dioxus_core::virtual_dom: Listeners: []
2025-09-10T01:32:54.0572702Z  INFO dioxus_core::virtual_dom: Listeners: []
2025-09-10T01:32:55.0576936Z  INFO dioxus_core::virtual_dom: Listeners: [Listener(EventHandler { origin: ScopeId(1, "OnboardingScreen"), callback: 0x28939852c58@2 })]
2025-09-10T01:32:55.0578406Z  INFO dioxus_core::virtual_dom: Listeners: []
2025-09-10T01:32:55.0578497Z  INFO dioxus_core::virtual_dom: Listeners: []
2025-09-10T01:32:55.3975493Z  INFO dioxus_core::virtual_dom: Listeners: [Listener(EventHandler { origin: ScopeId(1, "OnboardingScreen"), callback: 0x28939852a78@3 })]
2025-09-10T01:32:55.39767Z  INFO dioxus_core::virtual_dom: Listeners: []
2025-09-10T01:32:55.3976776Z  INFO dioxus_core::virtual_dom: Listeners: []
2025-09-10T01:32:55.7358148Z  INFO dioxus_core::virtual_dom: Listeners: [Listener(EventHandler { origin: ScopeId(1, "OnboardingScreen"), callback: 0x28939852fb8@3 })]
2025-09-10T01:32:55.7360037Z  INFO dioxus_core::virtual_dom: Listeners: []
2025-09-10T01:32:55.7360321Z  INFO dioxus_core::virtual_dom: Listeners: []
2025-09-10T01:32:56.0397317Z  INFO dioxus_core::virtual_dom: Listeners: [Listener(EventHandler { origin: ScopeId(1, "OnboardingScreen"), callback: 0x289398529b8@4 })]
2025-09-10T01:32:56.0398609Z  INFO dioxus_core::virtual_dom: Listeners: []
2025-09-10T01:32:56.0398684Z  INFO dioxus_core::virtual_dom: Listeners: []
2025-09-10T01:32:56.3238547Z  INFO dioxus_core::virtual_dom: Listeners: [Listener(EventHandler { origin: ScopeId(1, "OnboardingScreen"), callback: 0x28939852c58@4 })]
2025-09-10T01:32:56.3239667Z  INFO dioxus_core::virtual_dom: Listeners: []
2025-09-10T01:32:56.3239733Z  INFO dioxus_core::virtual_dom: Listeners: []
2025-09-10T01:32:56.5761925Z  INFO dioxus_core::virtual_dom: Listeners: [Listener(EventHandler { origin: ScopeId(1, "OnboardingScreen"), callback: 0x28939852a78@5 })]
2025-09-10T01:32:56.576349Z  INFO dioxus_core::virtual_dom: Listeners: []
2025-09-10T01:32:56.5763597Z  INFO dioxus_core::virtual_dom: Listeners: []
2025-09-10T01:32:56.994829Z  INFO dioxus_core::virtual_dom: Listeners: [Listener(EventHandler { origin: ScopeId(1, "OnboardingScreen"), callback: 0x28939852fb8@5 })]
2025-09-10T01:32:56.9950546Z  INFO dioxus_core::virtual_dom: Listeners: []
2025-09-10T01:32:56.995072Z  INFO dioxus_core::virtual_dom: Listeners: []
2025-09-10T01:32:58.5482718Z  INFO dioxus_core::virtual_dom: Listeners: []
2025-09-10T01:32:58.5483663Z  INFO dioxus_core::virtual_dom: Listeners: []
2025-09-10T01:32:58.5483869Z  INFO dioxus_core::virtual_dom: Listeners: []
2025-09-10T01:32:59.0516137Z  INFO dioxus_core::virtual_dom: Listeners: [Listener(EventHandler { origin: ScopeId(1, "OnboardingScreen"), callback: 0x28939853798@6 })]
2025-09-10T01:32:59.0517509Z  INFO dioxus_core::virtual_dom: Listeners: []
2025-09-10T01:32:59.051764Z  INFO dioxus_core::virtual_dom: Listeners: []
2025-09-10T01:32:59.4773614Z  INFO dioxus_core::virtual_dom: Listeners: [Listener(EventHandler { origin: ScopeId(1, "OnboardingScreen"), callback: 0x28939852f58@6 })]
2025-09-10T01:32:59.4774786Z  INFO dioxus_core::virtual_dom: Listeners: []
2025-09-10T01:32:59.4774905Z  INFO dioxus_core::virtual_dom: Listeners: []
2025-09-10T01:32:59.6492567Z  INFO dioxus_core::virtual_dom: Listeners: [Listener(EventHandler { origin: ScopeId(1, "OnboardingScreen"), callback: 0x28939853798@7 })]
2025-09-10T01:32:59.6494011Z  INFO dioxus_core::virtual_dom: Listeners: []
2025-09-10T01:32:59.6494258Z  INFO dioxus_core::virtual_dom: Listeners: []
2025-09-10T01:32:59.729016Z  INFO dioxus_core::virtual_dom: Listeners: [Listener(EventHandler { origin: ScopeId(1, "OnboardingScreen"), callback: 0x28939852f58@7 })]
2025-09-10T01:32:59.7291738Z  INFO dioxus_core::virtual_dom: Listeners: []
2025-09-10T01:32:59.7291977Z  INFO dioxus_core::virtual_dom: Listeners: []
2025-09-10T01:32:59.8983445Z  INFO dioxus_core::virtual_dom: Listeners: [Listener(EventHandler { origin: ScopeId(1, "OnboardingScreen"), callback: 0x28939853798@8 })]
2025-09-10T01:32:59.898492Z  INFO dioxus_core::virtual_dom: Listeners: []
2025-09-10T01:32:59.898513Z  INFO dioxus_core::virtual_dom: Listeners: []
2025-09-10T01:33:01.1666432Z  INFO dioxus_core::virtual_dom: Listeners: [Listener(EventHandler { origin: ScopeId(1, "OnboardingScreen"), callback: 0x28939852fb8@8 })]
2025-09-10T01:33:01.1673953Z  INFO dioxus_core::virtual_dom: Listeners: []
2025-09-10T01:33:01.1674283Z  INFO dioxus_core::virtual_dom: Listeners: []
2025-09-10T01:33:05.1413405Z  INFO dioxus_core::virtual_dom: Listeners: []
2025-09-10T01:33:05.1413881Z  INFO dioxus_core::virtual_dom: Listeners: []
2025-09-10T01:33:05.1413948Z  INFO dioxus_core::virtual_dom: Listeners: []
2025-09-10T01:33:05.4247848Z  INFO dioxus_core::virtual_dom: Listeners: [Listener(EventHandler { origin: ScopeId(2, "MainShell"), callback: 0x289398529b8@9 })]
2025-09-10T01:33:05.4249395Z  INFO dioxus_core::virtual_dom: Listeners: []
2025-09-10T01:33:05.4249754Z  INFO dioxus_core::virtual_dom: Listeners: []
2025-09-10T01:33:05.4253282Z  INFO dioxus_core::virtual_dom: Listeners: []
2025-09-10T01:33:05.4253548Z  INFO dioxus_core::virtual_dom: Listeners: []
2025-09-10T01:33:05.425361Z  INFO dioxus_core::virtual_dom: Listeners: []
2025-09-10T01:33:05.4785377Z  INFO dioxus_core::virtual_dom: Listeners: [Listener(EventHandler { origin: ScopeId(2, "MainShell"), callback: 0x289398529b8@9 })]
2025-09-10T01:33:05.478669Z  INFO dioxus_core::virtual_dom: Listeners: []
2025-09-10T01:33:05.478688Z  INFO dioxus_core::virtual_dom: Listeners: []
2025-09-10T01:33:05.4795085Z  INFO dioxus_core::virtual_dom: Listeners: []
2025-09-10T01:33:05.4795553Z  INFO dioxus_core::virtual_dom: Listeners: []
2025-09-10T01:33:05.4795618Z  INFO dioxus_core::virtual_dom: Listeners: []
2025-09-10T01:33:05.5311021Z  INFO dioxus_core::virtual_dom: Listeners: [Listener(EventHandler { origin: ScopeId(2, "MainShell"), callback: 0x289398529b8@9 })]
2025-09-10T01:33:05.5311997Z  INFO dioxus_core::virtual_dom: Listeners: []
2025-09-10T01:33:05.5312146Z  INFO dioxus_core::virtual_dom: Listeners: []
2025-09-10T01:33:05.5315333Z  INFO dioxus_core::virtual_dom: Listeners: []
2025-09-10T01:33:05.5315706Z  INFO dioxus_core::virtual_dom: Listeners: []
2025-09-10T01:33:05.5315767Z  INFO dioxus_core::virtual_dom: Listeners: []
2025-09-10T01:33:05.6670762Z  INFO dioxus_core::virtual_dom: Listeners: [Listener(EventHandler { origin: ScopeId(2, "MainShell"), callback: 0x289398529b8@9 })]
2025-09-10T01:33:05.6672369Z  INFO dioxus_core::virtual_dom: Listeners: []
2025-09-10T01:33:05.667285Z  INFO dioxus_core::virtual_dom: Listeners: []
2025-09-10T01:33:05.6676449Z  INFO dioxus_core::virtual_dom: Listeners: []
2025-09-10T01:33:05.6676635Z  INFO dioxus_core::virtual_dom: Listeners: []
2025-09-10T01:33:05.6676692Z  INFO dioxus_core::virtual_dom: Listeners: []
2025-09-10T01:33:05.7250785Z  INFO dioxus_core::virtual_dom: Listeners: [Listener(EventHandler { origin: ScopeId(2, "MainShell"), callback: 0x289398529b8@9 })]
2025-09-10T01:33:05.7251554Z  INFO dioxus_core::virtual_dom: Listeners: []
2025-09-10T01:33:05.7251629Z  INFO dioxus_core::virtual_dom: Listeners: []
2025-09-10T01:33:05.7254586Z  INFO dioxus_core::virtual_dom: Listeners: []
2025-09-10T01:33:05.7254981Z  INFO dioxus_core::virtual_dom: Listeners: []
2025-09-10T01:33:05.7255043Z  INFO dioxus_core::virtual_dom: Listeners: []
2025-09-10T01:33:05.7730266Z  INFO dioxus_core::virtual_dom: Listeners: [Listener(EventHandler { origin: ScopeId(2, "MainShell"), callback: 0x289398529b8@9 })]
2025-09-10T01:33:05.7731212Z  INFO dioxus_core::virtual_dom: Listeners: []
2025-09-10T01:33:05.7731288Z  INFO dioxus_core::virtual_dom: Listeners: []
2025-09-10T01:33:05.7734474Z  INFO dioxus_core::virtual_dom: Listeners: []
2025-09-10T01:33:05.7734745Z  INFO dioxus_core::virtual_dom: Listeners: []
2025-09-10T01:33:05.7734808Z  INFO dioxus_core::virtual_dom: Listeners: []
2025-09-10T01:33:05.9047346Z  INFO dioxus_core::virtual_dom: Listeners: [Listener(EventHandler { origin: ScopeId(2, "MainShell"), callback: 0x289398529b8@9 })]
2025-09-10T01:33:05.9048463Z  INFO dioxus_core::virtual_dom: Listeners: []
2025-09-10T01:33:05.9048613Z  INFO dioxus_core::virtual_dom: Listeners: []
2025-09-10T01:33:05.9052945Z  INFO dioxus_core::virtual_dom: Listeners: []
2025-09-10T01:33:05.9053301Z  INFO dioxus_core::virtual_dom: Listeners: []
2025-09-10T01:33:05.9053363Z  INFO dioxus_core::virtual_dom: Listeners: []
2025-09-10T01:33:06.6039303Z  INFO dioxus_core::virtual_dom: Listeners: [Listener(EventHandler { origin: ScopeId(2, "MainShell"), callback: 0x28939853738@0 })]
2025-09-10T01:33:06.6040265Z  INFO dioxus_core::virtual_dom: Listeners: []
2025-09-10T01:33:06.6040347Z  INFO dioxus_core::virtual_dom: Listeners: []
2025-09-10T01:33:08.3433525Z ERROR dioxus_desktop::app: Error parsing user_event: Error("invalid type: null, expected usize", line: 0, column: 0)
2025-09-10T01:33:08.8545573Z  INFO dioxus_core::virtual_dom: Listeners: [Listener(EventHandler { origin: ScopeId(2, "MainShell"), callback: 0x28939852a78@9 })]
2025-09-10T01:33:08.8547198Z  INFO dioxus_core::virtual_dom: Listeners: []
2025-09-10T01:33:08.8547313Z  INFO dioxus_core::virtual_dom: Listeners: []
2025-09-10T01:33:09.9036826Z  INFO dioxus_core::virtual_dom: Listeners: []
2025-09-10T01:33:09.9037518Z  INFO dioxus_core::virtual_dom: Listeners: []
2025-09-10T01:33:09.9037661Z  INFO dioxus_core::virtual_dom: Listeners: []
2025-09-10T01:33:09.9037779Z  INFO dioxus_core::virtual_dom: Listeners: []
2025-09-10T01:33:10.9927588Z  INFO dioxus_core::virtual_dom: Listeners: [Listener(EventHandler { origin: ScopeId(1, "SettingsDialog"), callback: 0x28939853198@1 })]
2025-09-10T01:33:10.9928814Z  INFO dioxus_core::virtual_dom: Listeners: []
2025-09-10T01:33:10.9929041Z  INFO dioxus_core::virtual_dom: Listeners: []
2025-09-10T01:33:10.9929167Z  INFO dioxus_core::virtual_dom: Listeners: []
2025-09-10T01:33:10.9943641Z  INFO dioxus_core::virtual_dom: Listeners: []
2025-09-10T01:33:10.9944749Z  INFO dioxus_core::virtual_dom: Listeners: []
2025-09-10T01:33:10.9944809Z  INFO dioxus_core::virtual_dom: Listeners: []
2025-09-10T01:33:10.9944853Z  INFO dioxus_core::virtual_dom: Listeners: []
2025-09-10T01:33:11.9303822Z  INFO dioxus_core::virtual_dom: Listeners: [Listener(EventHandler { origin: ScopeId(1, "SettingsDialog"), callback: 0x28939852d18@9 })]
2025-09-10T01:33:11.9311618Z  INFO dioxus_core::virtual_dom: Listeners: []
2025-09-10T01:33:11.9312001Z  INFO dioxus_core::virtual_dom: Listeners: []
2025-09-10T01:33:11.9312059Z  INFO dioxus_core::virtual_dom: Listeners: []
